<?xml version="1.0" encoding="UTF-8"?>
<!-- Generated by org.testng.reporters.JUnitReportReporter -->
<testsuite hostname="Alfaro" failures="0" tests="1" name="JavaMavReports.ReportDemo.ExtendReports" time="9.960" errors="0" timestamp="2025-01-07T16:31:32 CST" skipped="0">
  <testcase classname="JavaMavReports.ReportDemo.ExtendReports" name="initialDemo" time="9.960"/>
</testsuite> <!-- JavaMavReports.ReportDemo.ExtendReports -->
